<?xml version="1.0" encoding="UTF-8"?>
<!-- Generated by org.testng.reporters.JUnitXMLReporter -->
<testsuite ignored="18" hostname="LAPTOP-MC4R20CB" failures="0" tests="1" name="Default test" time="2.978" errors="0" timestamp="2023-08-11T15:30:18 IST">
  <testcase classname="com.ripplestreet.AllGetApis.EventControllerGetApi" name="getStatus" time="1.731"/>
  <testcase classname="com.ripplestreet.AllGetApis.EventControllerGetApi" name="getpackAndApplicationCountByEventId" time="0.0">
    <ignored/>
  </testcase> <!-- getpackAndApplicationCountByEventId -->
  <testcase classname="com.ripplestreet.AllGetApis.EventControllerGetApi" name="getEventMileStoneByIdAndDate" time="0.0">
    <ignored/>
  </testcase> <!-- getEventMileStoneByIdAndDate -->
  <testcase classname="com.ripplestreet.AllGetApis.EventControllerGetApi" name="getAllServices" time="0.0">
    <ignored/>
  </testcase> <!-- getAllServices -->
  <testcase classname="com.ripplestreet.AllGetApis.EventControllerGetApi" name="getEventDetailforWorkflow" time="0.0">
    <ignored/>
  </testcase> <!-- getEventDetailforWorkflow -->
  <testcase classname="com.ripplestreet.AllGetApis.EventControllerGetApi" name="getCurrentMileStonesByEvent" time="0.0">
    <ignored/>
  </testcase> <!-- getCurrentMileStonesByEvent -->
  <testcase classname="com.ripplestreet.AllGetApis.EventControllerGetApi" name="getAllSpotLightEventDetail" time="0.0">
    <ignored/>
  </testcase> <!-- getAllSpotLightEventDetail -->
  <testcase classname="com.ripplestreet.AllGetApis.EventControllerGetApi" name="getAllSubscriptionsByEvent" time="0.0">
    <ignored/>
  </testcase> <!-- getAllSubscriptionsByEvent -->
  <testcase classname="com.ripplestreet.AllGetApis.EventControllerGetApi" name="getEventById" time="0.0">
    <ignored/>
  </testcase> <!-- getEventById -->
  <testcase classname="com.ripplestreet.AllGetApis.EventControllerGetApi" name="getAllProductByEvents" time="0.0">
    <ignored/>
  </testcase> <!-- getAllProductByEvents -->
  <testcase classname="com.ripplestreet.AllGetApis.EventControllerGetApi" name="getAllSubscriptionsByServiceName" time="0.0">
    <ignored/>
  </testcase> <!-- getAllSubscriptionsByServiceName -->
  <testcase classname="com.ripplestreet.AllGetApis.EventControllerGetApi" name="getProductDetailEventIdAndProductId" time="0.0">
    <ignored/>
  </testcase> <!-- getProductDetailEventIdAndProductId -->
  <testcase classname="com.ripplestreet.AllGetApis.EventControllerGetApi" name="getEventDetailForWorkFlow" time="0.0">
    <ignored/>
  </testcase> <!-- getEventDetailForWorkFlow -->
  <testcase classname="com.ripplestreet.AllGetApis.EventControllerGetApi" name="getByEventName" time="0.0">
    <ignored/>
  </testcase> <!-- getByEventName -->
  <testcase classname="com.ripplestreet.AllGetApis.EventControllerGetApi" name="getEventDetailBySlug" time="0.0">
    <ignored/>
  </testcase> <!-- getEventDetailBySlug -->
  <testcase classname="com.ripplestreet.AllGetApis.EventControllerGetApi" name="getFilteredEvents" time="0.0">
    <ignored/>
  </testcase> <!-- getFilteredEvents -->
  <testcase classname="com.ripplestreet.AllGetApis.EventControllerGetApi" name="getAllEvents" time="0.0">
    <ignored/>
  </testcase> <!-- getAllEvents -->
  <testcase classname="com.ripplestreet.AllGetApis.EventControllerGetApi" name="getAllMileStonesByEvent" time="0.0">
    <ignored/>
  </testcase> <!-- getAllMileStonesByEvent -->
  <testcase classname="com.ripplestreet.AllGetApis.EventControllerGetApi" name="getAllCurrentMileStoneByEvent" time="0.0">
    <ignored/>
  </testcase> <!-- getAllCurrentMileStoneByEvent -->
</testsuite> <!-- Default test -->
