<?xml version="1.0" encoding="UTF-8"?>
<!-- Generated by org.testng.reporters.JUnitXMLReporter -->
<testsuite ignored="1" hostname="LAPTOP-MC4R20CB" failures="0" tests="1" name="Default test" time="4.317" errors="0" timestamp="2023-07-14T16:00:35 IST">
  <testcase classname="com.ripplestreet.AllGetApis.DiscussionControllerGetApi" name="getDiscussion" time="2.653"/>
  <testcase classname="com.ripplestreet.AllGetApis.DiscussionControllerGetApi" name="getDiscussionListByFilters" time="0.0">
    <ignored/>
  </testcase> <!-- getDiscussionListByFilters -->
</testsuite> <!-- Default test -->
