<?xml version="1.0" encoding="UTF-8"?>
<testng-results ignored="0" total="1" passed="1" failed="0" skipped="0">
  <reporter-output>
  </reporter-output>
  <suite started-at="2023-09-01T12:21:46 IST" name="Default suite" finished-at="2023-09-01T12:22:04 IST" duration-ms="18098">
    <groups>
    </groups>
    <test started-at="2023-09-01T12:21:46 IST" name="Default test" finished-at="2023-09-01T12:22:04 IST" duration-ms="18098">
      <class name="com.ripplestreet.AllPostApis.ReceiptControllerPostApi">
        <test-method is-config="true" signature="authToken()[pri:0, instance:com.ripplestreet.AllPostApis.ReceiptControllerPostApi@5965d37]" started-at="2023-09-01T12:21:33 IST" name="authToken" finished-at="2023-09-01T12:21:46 IST" duration-ms="12155" status="PASS">
          <reporter-output>
          </reporter-output>
        </test-method> <!-- authToken -->
        <test-method is-config="true" signature="BaseURI()[pri:0, instance:com.ripplestreet.AllPostApis.ReceiptControllerPostApi@5965d37]" started-at="2023-09-01T12:21:46 IST" name="BaseURI" finished-at="2023-09-01T12:21:46 IST" duration-ms="1" status="PASS">
          <reporter-output>
          </reporter-output>
        </test-method> <!-- BaseURI -->
        <test-method signature="GetReciptlist()[pri:0, instance:com.ripplestreet.AllPostApis.ReceiptControllerPostApi@5965d37]" started-at="2023-09-01T12:21:46 IST" name="GetReciptlist" finished-at="2023-09-01T12:22:00 IST" duration-ms="13889" status="PASS">
          <reporter-output>
          </reporter-output>
        </test-method> <!-- GetReciptlist -->
        <test-method is-config="true" signature="StatusCode()[pri:0, instance:com.ripplestreet.AllPostApis.ReceiptControllerPostApi@5965d37]" started-at="2023-09-01T12:22:00 IST" name="StatusCode" finished-at="2023-09-01T12:22:04 IST" duration-ms="4156" status="PASS">
          <reporter-output>
          </reporter-output>
        </test-method> <!-- StatusCode -->
      </class> <!-- com.ripplestreet.AllPostApis.ReceiptControllerPostApi -->
    </test> <!-- Default test -->
  </suite> <!-- Default suite -->
</testng-results>
