<?xml version="1.0" encoding="UTF-8"?>
<!-- Generated by org.testng.reporters.JUnitXMLReporter -->
<testsuite ignored="1" hostname="LAPTOP-MC4R20CB" failures="3" tests="254" name="Test" time="418.944" errors="0" timestamp="2023-07-17T11:16:09 IST">
  <testcase classname="com.ripplestreet.genricUtilities.genricUtilities" name="@AfterMethod StatusCode" time="0.247">
    <failure type="java.lang.IllegalArgumentException" message="The maximum length of cell contents (text) is 32767 characters">
      <![CDATA[java.lang.IllegalArgumentException: The maximum length of cell contents (text) is 32767 characters
at org.apache.poi.ss.usermodel.CellBase.checkLength(CellBase.java:292)
at org.apache.poi.ss.usermodel.CellBase.setCellValue(CellBase.java:273)
at com.ripplestreet.genricUtilities.genricUtilities.StatusCode(genricUtilities.java:170)
at java.base/java.util.ArrayList.forEach(ArrayList.java:1511)
at java.base/java.util.concurrent.FutureTask.run(FutureTask.java:264)
at java.base/java.util.concurrent.ThreadPoolExecutor.runWorker(ThreadPoolExecutor.java:1136)
at java.base/java.util.concurrent.ThreadPoolExecutor$Worker.run(ThreadPoolExecutor.java:635)
at java.base/java.lang.Thread.run(Thread.java:833)
... Removed 22 stack frames]]>
    </failure>
  </testcase> <!-- @AfterMethod StatusCode -->
  <testcase classname="com.ripplestreet.genricUtilities.genricUtilities" name="@BeforeMethod BaseURI" time="0.0">
    <skipped/>
  </testcase> <!-- @BeforeMethod BaseURI -->
  <testcase classname="com.ripplestreet.genricUtilities.genricUtilities" name="@AfterMethod StatusCode" time="0.0">
    <skipped/>
  </testcase> <!-- @AfterMethod StatusCode -->
  <testcase classname="com.ripplestreet.genricUtilities.genricUtilities" name="@BeforeMethod BaseURI" time="0.0">
    <skipped/>
  </testcase> <!-- @BeforeMethod BaseURI -->
  <testcase classname="com.ripplestreet.genricUtilities.genricUtilities" name="@AfterMethod StatusCode" time="0.0">
    <skipped/>
  </testcase> <!-- @AfterMethod StatusCode -->
  <testcase classname="com.ripplestreet.genricUtilities.genricUtilities" name="@BeforeMethod BaseURI" time="0.0">
    <skipped/>
  </testcase> <!-- @BeforeMethod BaseURI -->
  <testcase classname="com.ripplestreet.genricUtilities.genricUtilities" name="@AfterMethod StatusCode" time="0.0">
    <skipped/>
  </testcase> <!-- @AfterMethod StatusCode -->
  <testcase classname="com.ripplestreet.genricUtilities.genricUtilities" name="@BeforeMethod BaseURI" time="0.0">
    <skipped/>
  </testcase> <!-- @BeforeMethod BaseURI -->
  <testcase classname="com.ripplestreet.genricUtilities.genricUtilities" name="@AfterMethod StatusCode" time="0.0">
    <skipped/>
  </testcase> <!-- @AfterMethod StatusCode -->
  <testcase classname="com.ripplestreet.genricUtilities.genricUtilities" name="@BeforeMethod BaseURI" time="0.0">
    <skipped/>
  </testcase> <!-- @BeforeMethod BaseURI -->
  <testcase classname="com.ripplestreet.genricUtilities.genricUtilities" name="@AfterMethod StatusCode" time="0.0">
    <skipped/>
  </testcase> <!-- @AfterMethod StatusCode -->
  <testcase classname="com.ripplestreet.genricUtilities.genricUtilities" name="@BeforeMethod BaseURI" time="0.0">
    <skipped/>
  </testcase> <!-- @BeforeMethod BaseURI -->
  <testcase classname="com.ripplestreet.genricUtilities.genricUtilities" name="@AfterMethod StatusCode" time="0.0">
    <skipped/>
  </testcase> <!-- @AfterMethod StatusCode -->
  <testcase classname="com.ripplestreet.genricUtilities.genricUtilities" name="@BeforeMethod BaseURI" time="0.0">
    <skipped/>
  </testcase> <!-- @BeforeMethod BaseURI -->
  <testcase classname="com.ripplestreet.genricUtilities.genricUtilities" name="@AfterMethod StatusCode" time="0.0">
    <skipped/>
  </testcase> <!-- @AfterMethod StatusCode -->
  <testcase classname="com.ripplestreet.genricUtilities.genricUtilities" name="@AfterMethod StatusCode" time="0.372">
    <failure type="java.lang.IllegalArgumentException" message="The maximum length of cell contents (text) is 32767 characters">
      <![CDATA[java.lang.IllegalArgumentException: The maximum length of cell contents (text) is 32767 characters
at org.apache.poi.ss.usermodel.CellBase.checkLength(CellBase.java:292)
at org.apache.poi.ss.usermodel.CellBase.setCellValue(CellBase.java:273)
at com.ripplestreet.genricUtilities.genricUtilities.StatusCode(genricUtilities.java:170)
at java.base/java.util.ArrayList.forEach(ArrayList.java:1511)
at java.base/java.util.concurrent.FutureTask.run(FutureTask.java:264)
at java.base/java.util.concurrent.ThreadPoolExecutor.runWorker(ThreadPoolExecutor.java:1136)
at java.base/java.util.concurrent.ThreadPoolExecutor$Worker.run(ThreadPoolExecutor.java:635)
at java.base/java.lang.Thread.run(Thread.java:833)
... Removed 21 stack frames]]>
    </failure>
  </testcase> <!-- @AfterMethod StatusCode -->
  <testcase classname="com.ripplestreet.genricUtilities.genricUtilities" name="@BeforeMethod BaseURI" time="0.0">
    <skipped/>
  </testcase> <!-- @BeforeMethod BaseURI -->
  <testcase classname="com.ripplestreet.genricUtilities.genricUtilities" name="@AfterMethod StatusCode" time="0.0">
    <skipped/>
  </testcase> <!-- @AfterMethod StatusCode -->
  <testcase classname="com.ripplestreet.genricUtilities.genricUtilities" name="@AfterMethod StatusCode" time="6.058">
    <failure type="java.lang.IllegalArgumentException" message="The maximum length of cell contents (text) is 32767 characters">
      <![CDATA[java.lang.IllegalArgumentException: The maximum length of cell contents (text) is 32767 characters
at org.apache.poi.ss.usermodel.CellBase.checkLength(CellBase.java:292)
at org.apache.poi.ss.usermodel.CellBase.setCellValue(CellBase.java:273)
at com.ripplestreet.genricUtilities.genricUtilities.StatusCode(genricUtilities.java:170)
at java.base/java.util.ArrayList.forEach(ArrayList.java:1511)
at java.base/java.util.concurrent.FutureTask.run(FutureTask.java:264)
at java.base/java.util.concurrent.ThreadPoolExecutor.runWorker(ThreadPoolExecutor.java:1136)
at java.base/java.util.concurrent.ThreadPoolExecutor$Worker.run(ThreadPoolExecutor.java:635)
at java.base/java.lang.Thread.run(Thread.java:833)
... Removed 21 stack frames]]>
    </failure>
  </testcase> <!-- @AfterMethod StatusCode -->
  <testcase classname="com.ripplestreet.genricUtilities.genricUtilities" name="@BeforeMethod BaseURI" time="0.0">
    <skipped/>
  </testcase> <!-- @BeforeMethod BaseURI -->
  <testcase classname="com.ripplestreet.genricUtilities.genricUtilities" name="@AfterMethod StatusCode" time="0.0">
    <skipped/>
  </testcase> <!-- @AfterMethod StatusCode -->
  <testcase classname="com.ripplestreet.genricUtilities.genricUtilities" name="@BeforeMethod BaseURI" time="0.0">
    <skipped/>
  </testcase> <!-- @BeforeMethod BaseURI -->
  <testcase classname="com.ripplestreet.genricUtilities.genricUtilities" name="@AfterMethod StatusCode" time="0.0">
    <skipped/>
  </testcase> <!-- @AfterMethod StatusCode -->
  <testcase classname="com.ripplestreet.genricUtilities.genricUtilities" name="@AfterMethod StatusCode" time="0.363">
    <failure type="java.lang.IllegalArgumentException" message="The maximum length of cell contents (text) is 32767 characters">
      <![CDATA[java.lang.IllegalArgumentException: The maximum length of cell contents (text) is 32767 characters
at org.apache.poi.ss.usermodel.CellBase.checkLength(CellBase.java:292)
at org.apache.poi.ss.usermodel.CellBase.setCellValue(CellBase.java:273)
at com.ripplestreet.genricUtilities.genricUtilities.StatusCode(genricUtilities.java:170)
at java.base/java.util.ArrayList.forEach(ArrayList.java:1511)
at java.base/java.util.concurrent.FutureTask.run(FutureTask.java:264)
at java.base/java.util.concurrent.ThreadPoolExecutor.runWorker(ThreadPoolExecutor.java:1136)
at java.base/java.util.concurrent.ThreadPoolExecutor$Worker.run(ThreadPoolExecutor.java:635)
at java.base/java.lang.Thread.run(Thread.java:833)
... Removed 21 stack frames]]>
    </failure>
  </testcase> <!-- @AfterMethod StatusCode -->
  <testcase classname="com.ripplestreet.genricUtilities.genricUtilities" name="@BeforeMethod BaseURI" time="0.0">
    <skipped/>
  </testcase> <!-- @BeforeMethod BaseURI -->
  <testcase classname="com.ripplestreet.genricUtilities.genricUtilities" name="@AfterMethod StatusCode" time="0.0">
    <skipped/>
  </testcase> <!-- @AfterMethod StatusCode -->
  <testcase classname="com.ripplestreet.genricUtilities.genricUtilities" name="@BeforeMethod BaseURI" time="0.0">
    <skipped/>
  </testcase> <!-- @BeforeMethod BaseURI -->
  <testcase classname="com.ripplestreet.genricUtilities.genricUtilities" name="@AfterMethod StatusCode" time="0.0">
    <skipped/>
  </testcase> <!-- @AfterMethod StatusCode -->
  <testcase classname="com.ripplestreet.genricUtilities.genricUtilities" name="@BeforeMethod BaseURI" time="0.0">
    <skipped/>
  </testcase> <!-- @BeforeMethod BaseURI -->
  <testcase classname="com.ripplestreet.genricUtilities.genricUtilities" name="@AfterMethod StatusCode" time="0.0">
    <skipped/>
  </testcase> <!-- @AfterMethod StatusCode -->
  <testcase classname="com.ripplestreet.AllPutApis.ReceiptControllerPutApi" name="UpdateReceiptDatarecorder" time="2.67"/>
  <testcase classname="com.ripplestreet.AllGetApis.IteratorGetApi" name="discoverEventsByAllEventType" time="5.961"/>
  <testcase classname="com.ripplestreet.AllGetApis.UgcControllerGetApi" name="downloadAsset" time="1.203"/>
  <testcase classname="com.ripplestreet.AllGetApis.NewTest" name="f" time="0.001"/>
  <testcase classname="com.ripplestreet.AllGetApis.IteratorGetApi" name="getAllAGamesByAllDirectionsUsingIterator" time="2.357"/>
  <testcase classname="com.ripplestreet.AllGetApis.EventControllerGetApi" name="getAllEvents" time="1.194"/>
  <testcase classname="com.ripplestreet.AllGetApis.OptInsControllerGetApi" name="getListOptInByEventId" time="1.101"/>
  <testcase classname="com.ripplestreet.AllGetApis.UgcControllerGetApi" name="getUgcDetailsByTaskId" time="1.275"/>
  <testcase classname="com.ripplestreet.AllGetApis.NotificationControllerGetApi" name="isEmailExistInSuppressionList" time="1.134"/>
  <testcase classname="com.ripplestreet.AllPutApis.ApplicationsControllerPutApi" name="updateApplications" time="0.471"/>
  <testcase classname="com.ripplestreet.AllGetApis.EventControllerGetApi" name="getAllCurrentMileStoneByEvent" time="1.11"/>
  <testcase classname="com.ripplestreet.AllGetApis.EventControllerGetApi" name="getAllMileStonesByEvent" time="1.124"/>
  <testcase classname="com.ripplestreet.AllGetApis.EventControllerGetApi" name="getAllProductByEvents" time="1.207"/>
  <testcase classname="com.ripplestreet.AllGetApis.EventControllerGetApi" name="getAllServices" time="1.11"/>
  <testcase classname="com.ripplestreet.AllGetApis.EventControllerGetApi" name="getAllSubscriptionsByEvent" time="1.12"/>
  <testcase classname="com.ripplestreet.AllGetApis.EventControllerGetApi" name="getAllSubscriptionsByServiceName" time="1.107"/>
  <testcase classname="com.ripplestreet.AllGetApis.EventControllerGetApi" name="getEventById" time="0.0">
    <skipped/>
  </testcase> <!-- getEventById -->
  <testcase classname="com.ripplestreet.AllGetApis.EventControllerGetApi" name="getEventDetailBySlug" time="0.0">
    <skipped/>
  </testcase> <!-- getEventDetailBySlug -->
  <testcase classname="com.ripplestreet.AllGetApis.EventControllerGetApi" name="getProductDetailEventIdAndProductId" time="0.0">
    <skipped/>
  </testcase> <!-- getProductDetailEventIdAndProductId -->
  <testcase classname="com.ripplestreet.AllGetApis.EventControllerGetApi" name="getpackAndApplicationCountByEventId" time="0.0">
    <skipped/>
  </testcase> <!-- getpackAndApplicationCountByEventId -->
  <testcase classname="com.ripplestreet.AllGetApis.EventControllerGetApi" name="getByEventName" time="0.0">
    <skipped/>
  </testcase> <!-- getByEventName -->
  <testcase classname="com.ripplestreet.AllGetApis.EventControllerGetApi" name="getCurrentMileStonesByEvent" time="0.0">
    <skipped/>
  </testcase> <!-- getCurrentMileStonesByEvent -->
  <testcase classname="com.ripplestreet.AllGetApis.EventControllerGetApi" name="getEventDetailForWorkFlow" time="0.0">
    <skipped/>
  </testcase> <!-- getEventDetailForWorkFlow -->
  <testcase classname="com.ripplestreet.AllGetApis.EventFeedControllerGetApi" name="getFeedInfoById" time="1.077"/>
  <testcase classname="com.ripplestreet.AllGetApis.EventFeedControllerGetApi" name="getCommentFeedByEventId" time="7.118"/>
  <testcase classname="com.ripplestreet.AllGetApis.EventFeedControllerGetApi" name="getAllFeedsForEvent" time="7.115"/>
  <testcase classname="com.ripplestreet.AllGetApis.EventFeedControllerGetApi" name="getPhotoFeedByEventId" time="1.119"/>
  <testcase classname="com.ripplestreet.AllGetApis.EventFeedControllerGetApi" name="getReviewFeedByEventId" time="3.685"/>
  <testcase classname="com.ripplestreet.AllGetApis.ApplicationControllerGetApi" name="getAllApplications" time="1.027"/>
  <testcase classname="com.ripplestreet.AllGetApis.AudienceControllerGetApi" name="getParticipantsWithApplicationsForEvent" time="1.245"/>
  <testcase classname="com.ripplestreet.AllGetApis.AudiencePromotionControllerGetApi" name="getListOfAudiencePromotionJobsByEventId" time="1.642"/>
  <testcase classname="com.ripplestreet.AllGetApis.AudiencePromotionControllerGetApi" name="getListOfInviteOnlyUsersByEventId" time="1.297"/>
  <testcase classname="com.ripplestreet.AllGetApis.CommunityControllerGetApi" name="getAllAddressEntriesByPersonId" time="1.395"/>
  <testcase classname="com.ripplestreet.AllGetApis.CommunityControllerGetApi" name="getAllEventsByUserAndParticipantType" time="1.505"/>
  <testcase classname="com.ripplestreet.AllGetApis.CommunityControllerGetApi" name="getAllUsersByEventAndParticipantType" time="1.521"/>
  <testcase classname="com.ripplestreet.AllGetApis.CommunityControllerGetApi" name="GettingDetailOfHeadHostByPersonId" time="1.525"/>
  <testcase classname="com.ripplestreet.AllGetApis.CommunityControllerGetApi" name="getUserEventParticipationBit" time="1.326"/>
  <testcase classname="com.ripplestreet.AllGetApis.CommunityControllerGetApi" name="getUserListByFilters" time="14.306"/>
  <testcase classname="com.ripplestreet.AllGetApis.CommunityControllerGetApi" name="getUserParticipationBits" time="1.634"/>
  <testcase classname="com.ripplestreet.AllGetApis.CommunityControllerGetApi" name="getUserProfile" time="1.53"/>
  <testcase classname="com.ripplestreet.AllGetApis.CommunityControllerGetApi" name="getUserDetails" time="1.494"/>
  <testcase classname="com.ripplestreet.AllGetApis.EnrollmentControllerGetApi" name="EnrollmentList" time="1.526"/>
  <testcase classname="com.ripplestreet.AllGetApis.EnrollmentControllerGetApi" name="GetUserEnrollments" time="1.299"/>
  <testcase classname="com.ripplestreet.AllGetApis.IntrestesControllerGetApi" name="Allcategorieslist" time="1.504"/>
  <testcase classname="com.ripplestreet.AllGetApis.IntrestesControllerGetApi" name="getUserInterestByPersonId" time="1.538"/>
  <testcase classname="com.ripplestreet.AllGetApis.MobileCommunityControllerGetApi" name="getAllEventsByUserAndParticipantTypeApplicant" time="1.563"/>
  <testcase classname="com.ripplestreet.AllGetApis.MobileCommunityControllerGetApi" name="getActiveEventsDetailForUser" time="1.297"/>
  <testcase classname="com.ripplestreet.AllGetApis.OptinInflightActivationControllerGetApi" name="getListOfAllocationTransientRecordByEventId" time="1.524"/>
  <testcase classname="com.ripplestreet.AllGetApis.OptinInflightActivationControllerGetApi" name="getAllocationTransientRecordByEventIdAndPersonId" time="1.535"/>
  <testcase classname="com.ripplestreet.AllGetApis.PartyControllerGetApi" name="getlistofparties" time="1.513"/>
  <testcase classname="com.ripplestreet.AllGetApis.ReservationControllerGetApi" name="GetUserStatusCountbyEventId" time="1.514"/>
  <testcase classname="com.ripplestreet.AllGetApis.userFamilyControllerGetApi" name="getUserChildern" time="0.596"/>
  <testcase classname="com.ripplestreet.AllGetApis.userFamilyControllerGetApi" name="getAllPetTypes" time="1.518"/>
  <testcase classname="com.ripplestreet.AllGetApis.userFamilyControllerGetApi" name="getAllPetsForUser" time="1.304"/>
  <testcase classname="com.ripplestreet.AllGetApis.UserStatusControllerGetApi" name="GetUserAndEventDataByEventIdandPersonId" time="1.481"/>
  <testcase classname="com.ripplestreet.AllGetApis.ReviewControllerGetApi" name="getExternalReview" time="1.487"/>
  <testcase classname="com.ripplestreet.AllGetApis.ReviewControllerGetApi" name="getReviewsByTaskId" time="1.468"/>
  <testcase classname="com.ripplestreet.AllGetApis.ReviewControllerGetApi" name="getReview" time="1.608"/>
  <testcase classname="com.ripplestreet.AllGetApis.UgcControllerGetApi" name="downloadAssetByURL" time="1.533"/>
  <testcase classname="com.ripplestreet.AllGetApis.UgcControllerGetApi" name="getImageRecognitionResponse" time="1.286"/>
  <testcase classname="com.ripplestreet.AllGetApis.UgcControllerGetApi" name="getUgcDetailsById" time="1.522"/>
  <testcase classname="com.ripplestreet.AllGetApis.DiscussionControllerGetApi" name="getDiscussionListByFilters" time="1.412"/>
  <testcase classname="com.ripplestreet.AllGetApis.DiscussionControllerGetApi" name="getDiscussion" time="1.433"/>
  <testcase classname="com.ripplestreet.AllGetApis.SocialShareControllerGetApi" name="getReview" time="1.31"/>
  <testcase classname="com.ripplestreet.AllGetApis.SocialShareControllerGetApi" name="getAllReviews" time="1.507"/>
  <testcase classname="com.ripplestreet.AllGetApis.AchievementControllerGetApi" name="GetListofAchievements" time="1.203"/>
  <testcase classname="com.ripplestreet.AllGetApis.AchievementControllerGetApi" name="getAchivements" time="1.534"/>
  <testcase classname="com.ripplestreet.AllGetApis.AchievementControllerGetApi" name="GetListofAchievementsforTriggerId" time="1.533"/>
  <testcase classname="com.ripplestreet.AllGetApis.AchievementProgramControllerGetApi" name="GetListofAchievementPrograms" time="1.504"/>
  <testcase classname="com.ripplestreet.AllGetApis.AchievementProgramControllerGetApi" name="GetListOfAchievementProgramsforAchievementId" time="1.512"/>
  <testcase classname="com.ripplestreet.AllGetApis.AchievementProgramControllerGetApi" name="GetAchievementProgram" time="1.295"/>
  <testcase classname="com.ripplestreet.AllGetApis.BenefitControllerGetApi" name="GetListofBenefit" time="1.529"/>
  <testcase classname="com.ripplestreet.AllGetApis.UserAchievementControllerGetApi" name="getUserAchivmentsDetails" time="1.843"/>
  <testcase classname="com.ripplestreet.AllGetApis.UserAchievementControllerGetApi" name="getUserProgramsDetailes" time="1.526"/>
  <testcase classname="com.ripplestreet.AllGetApis.ActivityControllerGetApi" name="getListOfActivities" time="1.526"/>
  <testcase classname="com.ripplestreet.AllGetApis.ActivityControllerGetApi" name="getActivity" time="0.0">
    <skipped/>
  </testcase> <!-- getActivity -->
  <testcase classname="com.ripplestreet.AllGetApis.ActivityGroupControllerGetApi" name="GetListofActivityGroups" time="2.083"/>
  <testcase classname="com.ripplestreet.AllGetApis.ActivityGroupControllerGetApi" name="GetActivityGroupsByyEventId" time="0.0">
    <skipped/>
  </testcase> <!-- GetActivityGroupsByyEventId -->
  <testcase classname="com.ripplestreet.AllGetApis.ActivityGroupControllerGetApi" name="GetActivityGroup" time="0.0">
    <skipped/>
  </testcase> <!-- GetActivityGroup -->
  <testcase classname="com.ripplestreet.AllGetApis.TaskControllerGetApi" name="getListOfTasks" time="1.31"/>
  <testcase classname="com.ripplestreet.AllGetApis.TaskControllerGetApi" name="getTask" time="1.541"/>
  <testcase classname="com.ripplestreet.AllGetApis.MobileAppControllerGetApi" name="GetListOfMyActivities" time="2.762"/>
  <testcase classname="com.ripplestreet.AllGetApis.AudienceSearchControllerGetApi" name="searchableFields" time="1.549"/>
  <testcase classname="com.ripplestreet.AllGetApis.SegmentationDataControllerGetApi" name="FindIfUserExistInGivenSegment" time="1.502"/>
  <testcase classname="com.ripplestreet.AllGetApis.SegmentationDataControllerGetApi" name="GetSegmentIdBySegmentName" time="1.249"/>
  <testcase classname="com.ripplestreet.AllGetApis.SegmentationDataControllerGetApi" name="GetSegmentsOfaUser" time="1.499"/>
  <testcase classname="com.ripplestreet.AllGetApis.SegmentationDataControllerGetApi" name="GetUsersOfaSegment" time="1.521"/>
  <testcase classname="com.ripplestreet.AllGetApis.SegmentationDataControllerGetApi" name="GetUserDetailsOfaSegment" time="1.406"/>
  <testcase classname="com.ripplestreet.AllGetApis.SegmentationDefinitionControllerVersion2" name="getGetSegmentDefinitionByFolderIdAndSegmentId" time="1.511"/>
  <testcase classname="com.ripplestreet.AllGetApis.SegmentationDefinitionControllerVersion2" name="getAllSegments" time="1.425"/>
  <testcase classname="com.ripplestreet.AllGetApis.SegmentationDefinitionControllerVersion2" name="getSegmentDefinitionById" time="1.311"/>
  <testcase classname="com.ripplestreet.AllGetApis.SegmentationFolderControllerGetApi" name="getAllSegmentFolder" time="1.531"/>
  <testcase classname="com.ripplestreet.AllGetApis.SegmentationFolderControllerGetApi" name="GetSegmentFolderFromCampaignSegment" time="0.0">
    <skipped/>
  </testcase> <!-- GetSegmentFolderFromCampaignSegment -->
  <testcase classname="com.ripplestreet.AllGetApis.SegmentationJobsControllerGetApi" name="getAllSegmentJobsForSegmentId" time="1.47"/>
  <testcase classname="com.ripplestreet.AllGetApis.TriggerControllerGetApi" name="GetAllTriggers" time="1.49"/>
  <testcase classname="com.ripplestreet.AllGetApis.TriggerControllerGetApi" name="getTriggerInfoByTableNameAndOperation" time="1.598"/>
  <testcase classname="com.ripplestreet.AllGetApis.CouponControllerGetApi" name="getCouponsByActivityId" time="1.3"/>
  <testcase classname="com.ripplestreet.AllGetApis.GameControllerGetApi" name="getAllgames" time="1.317"/>
  <testcase classname="com.ripplestreet.AllGetApis.GameControllerGetApi" name="getGameBygameId" time="1.324"/>
  <testcase classname="com.ripplestreet.AllGetApis.GameControllerGetApi" name="GetGameTrackerRedisObjByGameId" time="1.524"/>
  <testcase classname="com.ripplestreet.AllGetApis.GameControllerGetApi" name="getWinningoptionBasedOnTheProbability" time="1.526"/>
  <testcase classname="com.ripplestreet.AllGetApis.gameOptionControllerGetApi" name="getGameOptionBySlug" time="1.519"/>
  <testcase classname="com.ripplestreet.AllGetApis.gameOptionControllerGetApi" name="getListOfOptionsByGameId" time="1.315"/>
  <testcase classname="com.ripplestreet.AllGetApis.CommonServiceFeedControllerGeApi" name="getAllFeedsForEvents" time="1.8"/>
  <testcase classname="com.ripplestreet.AllGetApis.jobControllerGetApi" name="getAllJobByTypeAndId" time="1.524"/>
  <testcase classname="com.ripplestreet.AllGetApis.jobControllerGetApi" name="getAllListOfJobsBySourcetype" time="1.589"/>
  <testcase classname="com.ripplestreet.AllGetApis.ReceiptControllerGetApi" name="getReceiptRecordWithData" time="1.388"/>
  <testcase classname="com.ripplestreet.AllGetApis.ReceiptControllerGetApi" name="getReceiptList" time="1.386"/>
  <testcase classname="com.ripplestreet.AllGetApis.storesControllerGetApi" name="getAllStoreCollection" time="1.814"/>
  <testcase classname="com.ripplestreet.AllGetApis.storesControllerGetApi" name="getStoreListByCollectionName" time="1.54"/>
  <testcase classname="com.ripplestreet.AllGetApis.OptInsControllerGetApi" name="GetRewardCountByEventIdAndPreferenceforPerson" time="1.386"/>
  <testcase classname="com.ripplestreet.AllGetApis.OptInsControllerGetApi" name="getOptInById" time="1.505"/>
  <testcase classname="com.ripplestreet.AllGetApis.RewardAllocationcontrollerGetApi" name="getRewardAllocation" time="1.52"/>
  <testcase classname="com.ripplestreet.AllGetApis.RewardCatalogControllerGetAPi" name="getAllRewardCatalogItems" time="2.238"/>
  <testcase classname="com.ripplestreet.AllGetApis.RewardControllerGetApi" name="getRewardByName" time="1.512"/>
  <testcase classname="com.ripplestreet.AllGetApis.RewardControllerGetApi" name="getReward" time="1.521"/>
  <testcase classname="com.ripplestreet.AllGetApis.RewardControllerGetApi" name="getAllReward" time="2.548"/>
  <testcase classname="com.ripplestreet.AllGetApis.RewardControllerGetApi" name="searchItems" time="1.446"/>
  <testcase classname="com.ripplestreet.AllGetApis.RewardControllerGetApi" name="getRewardSummaryByEventId" time="1.489"/>
  <testcase classname="com.ripplestreet.AllGetApis.RewardControllerGetApi" name="getRewardCount" time="1.305"/>
  <testcase classname="com.ripplestreet.AllGetApis.RewardDeliveryControllerGetApi" name="getDeliverySystemAttributeValue" time="1.429"/>
  <testcase classname="com.ripplestreet.AllGetApis.RewardDeliveryControllerGetApi" name="getRewardDeleveries" time="1.502"/>
  <testcase classname="com.ripplestreet.AllGetApis.RewardDeliveryControllerGetApi" name="getRewardDeleverie" time="1.511"/>
  <testcase classname="com.ripplestreet.AllGetApis.RewardDeliveryControllerGetApi" name="getAllRewardDeliveriesByPersonId" time="1.726"/>
  <testcase classname="com.ripplestreet.AllGetApis.RewardsItemsControllerGetApi" name="getRewarditems" time="1.545"/>
  <testcase classname="com.ripplestreet.AllGetApis.RewardPreferencesControllerGetApi" name="getRewardPreferences" time="1.419"/>
  <testcase classname="com.ripplestreet.AllGetApis.SwagControllerGetApi" name="getSwag" time="1.522"/>
  <testcase classname="com.ripplestreet.AllGetApis.SwagControllerGetApi" name="getSwagList" time="1.514"/>
  <testcase classname="com.ripplestreet.AllGetApis.TremendouesControllerGetApi" name="getTremendousCampaigns" time="2.024"/>
  <testcase classname="com.ripplestreet.AllGetApis.TremendouesControllerGetApi" name="getTremendousFundingSources" time="1.725"/>
  <testcase classname="com.ripplestreet.AllGetApis.NotificationControllerGetApi" name="getAllNotification" time="1.327"/>
  <testcase classname="com.ripplestreet.AllGetApis.NotificationControllerGetApi" name="GetCampaignByNotificationId" time="1.512"/>
  <testcase classname="com.ripplestreet.AllGetApis.NotificationControllerGetApi" name="GetStatusByNotificationId" time="1.522"/>
  <testcase classname="com.ripplestreet.AllGetApis.NotificationControllerGetApi" name="SearchCampaignforNotification" time="1.434"/>
  <testcase classname="com.ripplestreet.AllGetApis.NotificationControllerGetApi" name="GetKPIMatrixByCampaignId" time="2.537"/>
  <testcase classname="com.ripplestreet.AllGetApis.PreSignedURLControllerGetApi" name="getAllFilesBynotificationId" time="1.501"/>
  <testcase classname="com.ripplestreet.AllGetApis.TemplateControllerGetApi" name="template" time="1.333"/>
  <testcase classname="com.ripplestreet.AllGetApis.TemplateControllerGetApi" name="AllEmailList" time="2.272"/>
  <testcase classname="com.ripplestreet.AllGetApis.TemplateControllerGetApi" name="PreviewTemplateContent" time="1.6"/>
  <testcase classname="com.ripplestreet.AllGetApis.TemplateControllerGetApi" name="GettemplateByTrasactionalType" time="1.549"/>
  <testcase classname="com.ripplestreet.AllGetApis.TemplateControllerGetApi" name="DownloadCSVLoader" time="1.523"/>
  <testcase classname="com.ripplestreet.AllGetApis.TemplateControllerGetApi" name="GetTemplateListByTransactionalTypeAndEventId" time="1.485"/>
  <testcase classname="com.ripplestreet.AllGetApis.TemplateControllerGetApi" name="getTransactionalTemplateById" time="1.602"/>
  <testcase classname="com.ripplestreet.AllGetApis.RecipientsController" name="GetAllRecipientForCampaignId" time="1.433"/>
  <testcase classname="com.ripplestreet.AllGetApis.AgencyControllerGetApi" name="findAllAgencies" time="1.525"/>
  <testcase classname="com.ripplestreet.AllGetApis.AgencyControllerGetApi" name="getAgencyById" time="1.532"/>
  <testcase classname="com.ripplestreet.AllGetApis.AssetControllerGetApi" name="getAssetById" time="1.516"/>
  <testcase classname="com.ripplestreet.AllGetApis.CampaignControllerGetApi" name="findCampaignById" time="1.308"/>
  <testcase classname="com.ripplestreet.AllGetApis.CampaignControllerGetApi" name="findAllCampaingn" time="1.532"/>
  <testcase classname="com.ripplestreet.AllGetApis.ConfigurationController" name="getAllconfigs" time="1.519"/>
  <testcase classname="com.ripplestreet.AllGetApis.CreativeControllerGetApi" name="findHeroPlaylistById" time="1.518"/>
  <testcase classname="com.ripplestreet.AllGetApis.CreativeControllerGetApi" name="findAllHeroPlaylistByModelId" time="1.457"/>
  <testcase classname="com.ripplestreet.AllGetApis.CreativeControllerGetApi" name="getBannerByEventIdandId" time="1.409"/>
  <testcase classname="com.ripplestreet.AllGetApis.CreativeControllerGetApi" name="getFavorByEventIdAndId" time="1.525"/>
  <testcase classname="com.ripplestreet.AllGetApis.CreativeControllerGetApi" name="finAllBannerByEventId" time="1.525"/>
  <testcase classname="com.ripplestreet.AllGetApis.CreativeControllerGetApi" name="FinfAllfavousByEventId" time="1.518"/>
  <testcase classname="com.ripplestreet.AllGetApis.CreativeControllerGetApi" name="FindHeroplaylistitemById" time="1.409"/>
  <testcase classname="com.ripplestreet.AllGetApis.CreativeControllerGetApi" name="findAllHeroPlaylistItemsByPlayListId" time="1.383"/>
  <testcase classname="com.ripplestreet.AllGetApis.DraftEventControllerGetApi" name="getListOfEventsBycampaignId" time="1.435"/>
  <testcase classname="com.ripplestreet.AllGetApis.DraftEventControllerGetApi" name="getDraftEventByEventId" time="1.526"/>
  <testcase classname="com.ripplestreet.AllGetApis.EventDetailControllerGetApi" name="getBasicEventDetailByEventID" time="1.436"/>
  <testcase classname="com.ripplestreet.AllGetApis.EventDetailControllerGetApi" name="findAllmileStonesByEvent" time="1.53"/>
  <testcase classname="com.ripplestreet.AllGetApis.EventDetailControllerGetApi" name="findMileStoneById" time="1.625"/>
  <testcase classname="com.ripplestreet.AllGetApis.EventDetailControllerGetApi" name="getListoftargetsByEventId" time="1.297"/>
  <testcase classname="com.ripplestreet.AllGetApis.EventDetailControllerGetApi" name="findAllMilestonesTypeByEventtypes" time="0.009">
    <failure type="java.lang.IllegalArgumentException" message="Invalid number of path parameters. Expected 1, was 0. Undefined path parameters are: eventType.">
      <![CDATA[java.lang.IllegalArgumentException: Invalid number of path parameters. Expected 1, was 0. Undefined path parameters are: eventType.
at org.codehaus.groovy.runtime.callsite.ConstructorSite$ConstructorSiteNoUnwrap.callConstructor(ConstructorSite.java:86)
at org.codehaus.groovy.runtime.callsite.CallSiteArray.defaultCallConstructor(CallSiteArray.java:57)
at org.codehaus.groovy.runtime.callsite.AbstractCallSite.callConstructor(AbstractCallSite.java:263)
at org.codehaus.groovy.runtime.callsite.AbstractCallSite.callConstructor(AbstractCallSite.java:277)
at io.restassured.internal.RequestSpecificationImpl.assertCorrectNumberOfPathParams(RequestSpecificationImpl.groovy:1277)
at groovy.lang.MetaMethod.doMethodInvoke(MetaMethod.java:328)
at groovy.lang.MetaClassImpl.doInvokeMethod(MetaClassImpl.java:1348)
at groovy.lang.MetaClassImpl.invokeMethod(MetaClassImpl.java:1103)
at groovy.lang.MetaClassImpl.invokeMethod(MetaClassImpl.java:1009)
at groovy.lang.MetaClassImpl.invokeMethod(MetaClassImpl.java:792)
at io.restassured.internal.RequestSpecificationImpl.invokeMethod(RequestSpecificationImpl.groovy)
at org.codehaus.groovy.runtime.callsite.PogoInterceptableSite.call(PogoInterceptableSite.java:46)
at org.codehaus.groovy.runtime.callsite.PogoInterceptableSite.callCurrent(PogoInterceptableSite.java:57)
at org.codehaus.groovy.runtime.callsite.AbstractCallSite.callCurrent(AbstractCallSite.java:176)
at io.restassured.internal.RequestSpecificationImpl.sendRequest(RequestSpecificationImpl.groovy:1161)
at io.restassured.internal.RequestSpecificationImpl.this$2$sendRequest(RequestSpecificationImpl.groovy)
at groovy.lang.MetaMethod.doMethodInvoke(MetaMethod.java:328)
at groovy.lang.MetaClassImpl.doInvokeMethod(MetaClassImpl.java:1348)
at groovy.lang.MetaClassImpl.invokeMethod(MetaClassImpl.java:1103)
at groovy.lang.MetaClassImpl.invokeMethod(MetaClassImpl.java:1009)
at groovy.lang.MetaClassImpl.invokeMethod(MetaClassImpl.java:792)
at io.restassured.internal.RequestSpecificationImpl.invokeMethod(RequestSpecificationImpl.groovy)
at org.codehaus.groovy.runtime.callsite.PogoInterceptableSite.call(PogoInterceptableSite.java:46)
at org.codehaus.groovy.runtime.callsite.AbstractCallSite.call(AbstractCallSite.java:166)
at io.restassured.internal.filter.SendRequestFilter.filter(SendRequestFilter.groovy:30)
at io.restassured.filter.Filter$filter.call(Unknown Source)
at org.codehaus.groovy.runtime.callsite.CallSiteArray.defaultCall(CallSiteArray.java:45)
at io.restassured.filter.Filter$filter$0.call(Unknown Source)
at io.restassured.internal.filter.FilterContextImpl.next(FilterContextImpl.groovy:72)
at io.restassured.filter.time.TimingFilter.filter(TimingFilter.java:56)
at io.restassured.filter.Filter$filter$0.call(Unknown Source)
at org.codehaus.groovy.runtime.callsite.CallSiteArray.defaultCall(CallSiteArray.java:45)
at io.restassured.filter.Filter$filter.call(Unknown Source)
at io.restassured.internal.filter.FilterContextImpl.next(FilterContextImpl.groovy:72)
at io.restassured.filter.FilterContext$next.call(Unknown Source)
at io.restassured.internal.filter.CsrfFilter.filter(CsrfFilter.groovy:70)
at io.restassured.filter.Filter$filter.call(Unknown Source)
at org.codehaus.groovy.runtime.callsite.CallSiteArray.defaultCall(CallSiteArray.java:45)
at io.restassured.filter.Filter$filter.call(Unknown Source)
at io.restassured.internal.filter.FilterContextImpl.next(FilterContextImpl.groovy:72)
at io.restassured.filter.FilterContext$next.call(Unknown Source)
at io.restassured.internal.RequestSpecificationImpl.applyPathParamsAndSendRequest(RequestSpecificationImpl.groovy:1704)
at io.restassured.internal.RequestSpecificationImpl.this$2$applyPathParamsAndSendRequest(RequestSpecificationImpl.groovy)
at groovy.lang.MetaMethod.doMethodInvoke(MetaMethod.java:328)
at groovy.lang.MetaClassImpl.doInvokeMethod(MetaClassImpl.java:1348)
at groovy.lang.MetaClassImpl.invokeMethod(MetaClassImpl.java:1103)
at groovy.lang.MetaClassImpl.invokeMethod(MetaClassImpl.java:1009)
at groovy.lang.MetaClassImpl.invokeMethod(MetaClassImpl.java:792)
at io.restassured.internal.RequestSpecificationImpl.invokeMethod(RequestSpecificationImpl.groovy)
at org.codehaus.groovy.runtime.callsite.PogoInterceptableSite.call(PogoInterceptableSite.java:46)
at org.codehaus.groovy.runtime.callsite.PogoInterceptableSite.callCurrent(PogoInterceptableSite.java:57)
at org.codehaus.groovy.runtime.callsite.AbstractCallSite.callCurrent(AbstractCallSite.java:203)
at io.restassured.internal.RequestSpecificationImpl.applyPathParamsAndSendRequest(RequestSpecificationImpl.groovy:1710)
at io.restassured.internal.RequestSpecificationImpl.this$2$applyPathParamsAndSendRequest(RequestSpecificationImpl.groovy)
at groovy.lang.MetaMethod.doMethodInvoke(MetaMethod.java:328)
at groovy.lang.MetaClassImpl.doInvokeMethod(MetaClassImpl.java:1348)
at groovy.lang.MetaClassImpl.invokeMethod(MetaClassImpl.java:1103)
at groovy.lang.MetaClassImpl.invokeMethod(MetaClassImpl.java:1009)
at groovy.lang.MetaClassImpl.invokeMethod(MetaClassImpl.java:792)
at io.restassured.internal.RequestSpecificationImpl.invokeMethod(RequestSpecificationImpl.groovy)
at org.codehaus.groovy.runtime.callsite.PogoInterceptableSite.call(PogoInterceptableSite.java:46)
at org.codehaus.groovy.runtime.callsite.PogoInterceptableSite.callCurrent(PogoInterceptableSite.java:57)
at org.codehaus.groovy.runtime.callsite.AbstractCallSite.callCurrent(AbstractCallSite.java:203)
at io.restassured.internal.RequestSpecificationImpl.get(RequestSpecificationImpl.groovy:172)
at io.restassured.internal.RequestSpecificationImpl.get(RequestSpecificationImpl.groovy)
at com.ripplestreet.AllGetApis.EventDetailControllerGetApi.findAllMilestonesTypeByEventtypes(EventDetailControllerGetApi.java:42)
at java.base/java.util.ArrayList.forEach(ArrayList.java:1511)
at java.base/java.util.concurrent.FutureTask.run(FutureTask.java:264)
at java.base/java.util.concurrent.ThreadPoolExecutor.runWorker(ThreadPoolExecutor.java:1136)
at java.base/java.util.concurrent.ThreadPoolExecutor$Worker.run(ThreadPoolExecutor.java:635)
at java.base/java.lang.Thread.run(Thread.java:833)
... Removed 40 stack frames]]>
    </failure>
  </testcase> <!-- findAllMilestonesTypeByEventtypes -->
  <testcase classname="com.ripplestreet.AllGetApis.FAQcontrollerGetApi" name="getFAQbyEventId" time="1.494"/>
  <testcase classname="com.ripplestreet.AllGetApis.FAQcontrollerGetApi" name="getFAQById" time="1.538"/>
  <testcase classname="com.ripplestreet.AllGetApis.FAQcontrollerGetApi" name="GetFAQDetailByEventIdforCommunity" time="1.528"/>
  <testcase classname="com.ripplestreet.AllGetApis.FAQcontrollerGetApi" name="getlistofFaqTopicbyFaqId" time="1.507"/>
  <testcase classname="com.ripplestreet.AllGetApis.FAQcontrollerGetApi" name="FAQTopicByID" time="1.212"/>
  <testcase classname="com.ripplestreet.AllGetApis.EventTemplateControllerGetApi" name="findAllEventTemplate" time="1.441"/>
  <testcase classname="com.ripplestreet.AllGetApis.FAQcontrollerGetApi" name="GetlistofFaqTopicItemsbyFaqTopicId" time="1.519"/>
  <testcase classname="com.ripplestreet.AllGetApis.FAQcontrollerGetApi" name="getFAQTopicitemsById" time="1.59"/>
  <testcase classname="com.ripplestreet.AllGetApis.LegalControllerGetApi" name="getLegalDesclaimer" time="1.503"/>
  <testcase classname="com.ripplestreet.AllGetApis.MarketingGoalsControllerGetApi" name="getMarketingGoalsForEvent" time="1.333"/>
  <testcase classname="com.ripplestreet.AllGetApis.ProductControllerGetApi" name="getListOfProdutsByEventID" time="1.508"/>
  <testcase classname="com.ripplestreet.AllGetApis.ProductControllerGetApi" name="getProductsById" time="1.509"/>
  <testcase classname="com.ripplestreet.AllGetApis.RoleControllerGetApi" name="getLlistOfPeopleByRoleID" time="1.514"/>
  <testcase classname="com.ripplestreet.AllGetApis.RoleControllerGetApi" name="getListOfRoles" time="1.428"/>
  <testcase classname="com.ripplestreet.AllGetApis.SponserControllerGetApi" name="findSponsorById" time="1.509"/>
  <testcase classname="com.ripplestreet.AllGetApis.SponserControllerGetApi" name="getAllSponsors" time="1.297"/>
  <testcase classname="com.ripplestreet.AllGetApis.SponserControllerGetApi" name="findAllsponsorAssetsbysponsorId" time="1.4"/>
  <testcase classname="com.ripplestreet.AllGetApis.SurveyControllerGetApi" name="getSurveyStatusByEventIdAndPid" time="1.517"/>
  <testcase classname="com.ripplestreet.AllGetApis.SurveyControllerGetApi" name="getAllLinksByEventId" time="1.415"/>
  <testcase classname="com.ripplestreet.AllGetApis.SurveyControllerGetApi" name="getSurveyListByEventIdAndPid" time="1.527"/>
  <testcase classname="com.ripplestreet.AllGetApis.TargetsControllerGetApi" name="getAlltargets" time="1.318"/>
  <testcase classname="com.ripplestreet.AllGetApis.TrackableLinkcontrollerGetApi" name="findAllLinksForAnEvent" time="1.33"/>
  <testcase classname="com.ripplestreet.AllGetApis.TrackableLinkcontrollerGetApi" name="getLinkById" time="1.525"/>
  <testcase classname="com.ripplestreet.AllGetApis.WorkFlowTemplateControllerGetApi" name="getEventWorkflowTemplateByEventId" time="1.641"/>
  <testcase classname="com.ripplestreet.AllGetApis.WorkFlowTemplateControllerGetApi" name="getListOfWorkFlowTemplates" time="1.408"/>
  <testcase classname="com.ripplestreet.AllGetApis.WorkFlowTemplateControllerGetApi" name="getStepFunctionByArn" time="0.003">
    <failure type="java.lang.IllegalArgumentException" message="Invalid number of path parameters. Expected 1, was 0. Undefined path parameters are: workflowTemplateId.">
      <![CDATA[java.lang.IllegalArgumentException: Invalid number of path parameters. Expected 1, was 0. Undefined path parameters are: workflowTemplateId.
at org.codehaus.groovy.runtime.callsite.ConstructorSite$ConstructorSiteNoUnwrap.callConstructor(ConstructorSite.java:86)
at org.codehaus.groovy.runtime.callsite.AbstractCallSite.callConstructor(AbstractCallSite.java:277)
at io.restassured.internal.RequestSpecificationImpl.assertCorrectNumberOfPathParams(RequestSpecificationImpl.groovy:1277)
at groovy.lang.MetaMethod.doMethodInvoke(MetaMethod.java:328)
at groovy.lang.MetaClassImpl.doInvokeMethod(MetaClassImpl.java:1348)
at groovy.lang.MetaClassImpl.invokeMethod(MetaClassImpl.java:1103)
at groovy.lang.MetaClassImpl.invokeMethod(MetaClassImpl.java:1009)
at groovy.lang.MetaClassImpl.invokeMethod(MetaClassImpl.java:792)
at io.restassured.internal.RequestSpecificationImpl.invokeMethod(RequestSpecificationImpl.groovy)
at org.codehaus.groovy.runtime.callsite.PogoInterceptableSite.call(PogoInterceptableSite.java:46)
at org.codehaus.groovy.runtime.callsite.PogoInterceptableSite.callCurrent(PogoInterceptableSite.java:57)
at org.codehaus.groovy.runtime.callsite.AbstractCallSite.callCurrent(AbstractCallSite.java:176)
at io.restassured.internal.RequestSpecificationImpl.sendRequest(RequestSpecificationImpl.groovy:1161)
at io.restassured.internal.RequestSpecificationImpl.this$2$sendRequest(RequestSpecificationImpl.groovy)
at groovy.lang.MetaMethod.doMethodInvoke(MetaMethod.java:328)
at groovy.lang.MetaClassImpl.doInvokeMethod(MetaClassImpl.java:1348)
at groovy.lang.MetaClassImpl.invokeMethod(MetaClassImpl.java:1103)
at groovy.lang.MetaClassImpl.invokeMethod(MetaClassImpl.java:1009)
at groovy.lang.MetaClassImpl.invokeMethod(MetaClassImpl.java:792)
at io.restassured.internal.RequestSpecificationImpl.invokeMethod(RequestSpecificationImpl.groovy)
at org.codehaus.groovy.runtime.callsite.PogoInterceptableSite.call(PogoInterceptableSite.java:46)
at org.codehaus.groovy.runtime.callsite.AbstractCallSite.call(AbstractCallSite.java:166)
at io.restassured.internal.filter.SendRequestFilter.filter(SendRequestFilter.groovy:30)
at io.restassured.filter.Filter$filter.call(Unknown Source)
at org.codehaus.groovy.runtime.callsite.CallSiteArray.defaultCall(CallSiteArray.java:45)
at io.restassured.filter.Filter$filter$0.call(Unknown Source)
at io.restassured.internal.filter.FilterContextImpl.next(FilterContextImpl.groovy:72)
at io.restassured.filter.time.TimingFilter.filter(TimingFilter.java:56)
at io.restassured.filter.Filter$filter$0.call(Unknown Source)
at org.codehaus.groovy.runtime.callsite.CallSiteArray.defaultCall(CallSiteArray.java:45)
at io.restassured.filter.Filter$filter.call(Unknown Source)
at io.restassured.internal.filter.FilterContextImpl.next(FilterContextImpl.groovy:72)
at io.restassured.filter.FilterContext$next.call(Unknown Source)
at io.restassured.internal.filter.CsrfFilter.filter(CsrfFilter.groovy:70)
at io.restassured.filter.Filter$filter.call(Unknown Source)
at org.codehaus.groovy.runtime.callsite.CallSiteArray.defaultCall(CallSiteArray.java:45)
at io.restassured.filter.Filter$filter.call(Unknown Source)
at io.restassured.internal.filter.FilterContextImpl.next(FilterContextImpl.groovy:72)
at io.restassured.filter.FilterContext$next.call(Unknown Source)
at io.restassured.internal.RequestSpecificationImpl.applyPathParamsAndSendRequest(RequestSpecificationImpl.groovy:1704)
at io.restassured.internal.RequestSpecificationImpl.this$2$applyPathParamsAndSendRequest(RequestSpecificationImpl.groovy)
at groovy.lang.MetaMethod.doMethodInvoke(MetaMethod.java:328)
at groovy.lang.MetaClassImpl.doInvokeMethod(MetaClassImpl.java:1348)
at groovy.lang.MetaClassImpl.invokeMethod(MetaClassImpl.java:1103)
at groovy.lang.MetaClassImpl.invokeMethod(MetaClassImpl.java:1009)
at groovy.lang.MetaClassImpl.invokeMethod(MetaClassImpl.java:792)
at io.restassured.internal.RequestSpecificationImpl.invokeMethod(RequestSpecificationImpl.groovy)
at org.codehaus.groovy.runtime.callsite.PogoInterceptableSite.call(PogoInterceptableSite.java:46)
at org.codehaus.groovy.runtime.callsite.PogoInterceptableSite.callCurrent(PogoInterceptableSite.java:57)
at org.codehaus.groovy.runtime.callsite.AbstractCallSite.callCurrent(AbstractCallSite.java:203)
at io.restassured.internal.RequestSpecificationImpl.applyPathParamsAndSendRequest(RequestSpecificationImpl.groovy:1710)
at io.restassured.internal.RequestSpecificationImpl.this$2$applyPathParamsAndSendRequest(RequestSpecificationImpl.groovy)
at groovy.lang.MetaMethod.doMethodInvoke(MetaMethod.java:328)
at groovy.lang.MetaClassImpl.doInvokeMethod(MetaClassImpl.java:1348)
at groovy.lang.MetaClassImpl.invokeMethod(MetaClassImpl.java:1103)
at groovy.lang.MetaClassImpl.invokeMethod(MetaClassImpl.java:1009)
at groovy.lang.MetaClassImpl.invokeMethod(MetaClassImpl.java:792)
at io.restassured.internal.RequestSpecificationImpl.invokeMethod(RequestSpecificationImpl.groovy)
at org.codehaus.groovy.runtime.callsite.PogoInterceptableSite.call(PogoInterceptableSite.java:46)
at org.codehaus.groovy.runtime.callsite.PogoInterceptableSite.callCurrent(PogoInterceptableSite.java:57)
at org.codehaus.groovy.runtime.callsite.AbstractCallSite.callCurrent(AbstractCallSite.java:203)
at io.restassured.internal.RequestSpecificationImpl.get(RequestSpecificationImpl.groovy:172)
at io.restassured.internal.RequestSpecificationImpl.get(RequestSpecificationImpl.groovy)
at com.ripplestreet.AllGetApis.WorkFlowTemplateControllerGetApi.getStepFunctionByArn(WorkFlowTemplateControllerGetApi.java:34)
at java.base/java.util.ArrayList.forEach(ArrayList.java:1511)
at java.base/java.util.concurrent.FutureTask.run(FutureTask.java:264)
at java.base/java.util.concurrent.ThreadPoolExecutor.runWorker(ThreadPoolExecutor.java:1136)
at java.base/java.util.concurrent.ThreadPoolExecutor$Worker.run(ThreadPoolExecutor.java:635)
at java.base/java.lang.Thread.run(Thread.java:833)
... Removed 40 stack frames]]>
    </failure>
  </testcase> <!-- getStepFunctionByArn -->
  <testcase classname="com.ripplestreet.AllGetApis.EventControllerGetApi" name="getFilteredEvents" time="0.0">
    <skipped/>
  </testcase> <!-- getFilteredEvents -->
  <testcase classname="com.ripplestreet.AllGetApis.TriggerControllerGetApi" name="getTriggerDefinition" time="1.425"/>
  <testcase classname="com.ripplestreet.AllGetApis.EventControllerGetApi" name="getEventMileStoneByIdAndDate" time="0.0">
    <skipped/>
  </testcase> <!-- getEventMileStoneByIdAndDate -->
  <testcase classname="com.ripplestreet.AllPutApis.EventControllerPutApi" name="updateComment" time="1.643"/>
  <testcase classname="com.ripplestreet.AllPutApis.EventControllerPutApi" name="updateEventPacksCount" time="1.624"/>
  <testcase classname="com.ripplestreet.AllPutApis.EventControllerPutApi" name="updateEventSubscriptions" time="1.407"/>
  <testcase classname="com.ripplestreet.AllPutApis.EventFeedControllerPutApi" name="likeAfeedById" time="1.516"/>
  <testcase classname="com.ripplestreet.AllPutApis.reviewControllerPutApi" name="updateExternalReview" time="0.051">
    <failure type="java.lang.NullPointerException" message="Cannot invoke &amp;quot;org.apache.poi.xssf.usermodel.XSSFCell.getStringCellValue()&amp;quot; because &amp;quot;cell2&amp;quot; is null">
      <![CDATA[java.lang.NullPointerException: Cannot invoke "org.apache.poi.xssf.usermodel.XSSFCell.getStringCellValue()" because "cell2" is null
at com.ripplestreet.AllPutApis.reviewControllerPutApi.updateExternalReview(reviewControllerPutApi.java:32)
at java.base/java.util.ArrayList.forEach(ArrayList.java:1511)
at java.base/java.util.concurrent.FutureTask.run(FutureTask.java:264)
at java.base/java.util.concurrent.ThreadPoolExecutor.runWorker(ThreadPoolExecutor.java:1136)
at java.base/java.util.concurrent.ThreadPoolExecutor$Worker.run(ThreadPoolExecutor.java:635)
at java.base/java.lang.Thread.run(Thread.java:833)
... Removed 17 stack frames]]>
    </failure>
  </testcase> <!-- updateExternalReview -->
  <testcase classname="com.ripplestreet.AllPutApis.DiscussionControllerPutApi" name="updateAdminDiscussion" time="1.76"/>
  <testcase classname="com.ripplestreet.AllPutApis.ActivityControllerPutApi" name="UpdateActivity" time="1.542"/>
  <testcase classname="com.ripplestreet.AllPutApis.ActivityControllerPutApi" name="ReopenActivity" time="1.741"/>
  <testcase classname="com.ripplestreet.AllPutApis.ActivityGroupControllerPutApi" name="updateActivityGroup" time="2.033"/>
  <testcase classname="com.ripplestreet.AllPutApis.TaskControllerPutApi" name="updateTask" time="1.544"/>
  <testcase classname="com.ripplestreet.AllPutApis.TrackerControllerGetApi" name="updateActivityTrackerstatuses" time="1.62"/>
  <testcase classname="com.ripplestreet.AllPutApis.AchivementControllerPutApi" name="updateAchivement" time="1.927"/>
  <testcase classname="com.ripplestreet.AllPutApis.AchivementProgrameControllerPutApi" name="updateAchivementPrograme" time="1.334"/>
  <testcase classname="com.ripplestreet.AllPutApis.BenefitControllerPutApi" name="updateBenefit" time="1.544"/>
  <testcase classname="com.ripplestreet.AllPutApis.SegmentationDefinitionVersion2ControllerPutApi" name="UpdateASegment" time="1.606"/>
  <testcase classname="com.ripplestreet.AllPutApis.SegmentationDefinitionVersion2ControllerPutApi" name="refreshUserCountBySgment" time="1.613"/>
  <testcase classname="com.ripplestreet.AllPutApis.SegmentationFolderControllerPutApi" name="updateASegementfolder" time="1.523"/>
  <testcase classname="com.ripplestreet.AllPutApis.SegmentationJobControllerPutApi" name="createASegmentJob" time="1.423"/>
  <testcase classname="com.ripplestreet.AllPutApis.TriggerControllerPutApi" name="updateTriggerDefinition" time="1.519"/>
  <testcase classname="com.ripplestreet.AllPutApis.GameOptionsControllertPutApi" name="updateOptionById" time="1.248"/>
  <testcase classname="com.ripplestreet.AllPutApis.JobsControllerPutApi" name="updateJob" time="1.233"/>
  <testcase classname="com.ripplestreet.AllPutApis.ReceiptControllerPutApi" name="UpdateAreceiptRecord" time="1.33"/>
  <testcase classname="com.ripplestreet.AllPutApis.RecipientsControllerPutApi" name="deleteRecipientsByCampaignId" time="1.554"/>
  <testcase classname="com.ripplestreet.AllPutApis.optInsControllerPutApi" name="UpdateOtpIn" time="1.325"/>
  <testcase classname="com.ripplestreet.AllPutApis.RewardAllocationControllerPutApi" name="UpdateAllocatedRewardItemStatus" time="1.354"/>
  <testcase classname="com.ripplestreet.AllPutApis.RewardAllocationControllerPutApi" name="UpdateAllocatedRewardItemToReadyForDelevery" time="1.544"/>
  <testcase classname="com.ripplestreet.AllPutApis.RewardAllocationControllerPutApi" name="updateRewarditemAllocation" time="1.195"/>
  <testcase classname="com.ripplestreet.AllPutApis.RewardDeliveryControllerPutApi" name="triggerReadyToDeliverAllocations" time="1.535"/>
  <testcase classname="com.ripplestreet.AllPutApis.RewardDeliveryControllerPutApi" name="createAndUpdateDeliverySystemAttributeValue" time="1.564"/>
  <testcase classname="com.ripplestreet.AllPutApis.RewardDeliveryControllerPutApi" name="UpdateDelveryitemstatus" time="1.542"/>
  <testcase classname="com.ripplestreet.AllPutApis.RewardItemControllerPutApi" name="UpdateRewardIteams" time="1.57"/>
  <testcase classname="com.ripplestreet.AllPutApis.RewardItemControllerPutApi" name="UpdateRewardItemsSkuAlliases" time="1.338"/>
  <testcase classname="com.ripplestreet.AllPutApis.NotificationControllerPutApi" name="deleteFileUploadByCampaignId" time="1.543"/>
  <testcase classname="com.ripplestreet.AllPutApis.NotificationControllerPutApi" name="resetNotificationReceipentId" time="1.388"/>
  <testcase classname="com.ripplestreet.AllPutApis.NotificationControllerPutApi" name="resetNotificationStatus" time="1.604"/>
  <testcase classname="com.ripplestreet.AllPutApis.NotificationControllerPutApi" name="sendPublishUnpublishNotification" time="1.547"/>
  <testcase classname="com.ripplestreet.AllPutApis.NotificationControllerPutApi" name="resetNotificationRecepientData" time="1.543"/>
  <testcase classname="com.ripplestreet.AllPutApis.templateControllerPutApi" name="updateTransactionalTemplate" time="1.539"/>
  <testcase classname="com.ripplestreet.AllPutApis.AgencyControllerPutApi" name="updateAgency" time="1.543"/>
  <testcase classname="com.ripplestreet.AllPutApis.AssetControllerPutApi" name="softDeleteByAssetId" time="1.56"/>
  <testcase classname="com.ripplestreet.AllPutApis.CampaignControllerPutApi" name="updateCampaign" time="1.546"/>
  <testcase classname="com.ripplestreet.AllPutApis.RewardPreferencePutApi" name="updaterewardPreference" time="1.648"/>
  <testcase classname="com.ripplestreet.AllPutApis.CreativeControllerPutApi" name="updateBannerIdandEventId" time="1.534"/>
  <testcase classname="com.ripplestreet.AllPutApis.CreativeControllerPutApi" name="updateFavors" time="1.44"/>
  <testcase classname="com.ripplestreet.AllPutApis.CreativeControllerPutApi" name="reOrganizeFavors" time="1.532"/>
  <testcase classname="com.ripplestreet.AllPutApis.CreativeControllerPutApi" name="UpdateHeroPlayListItems" time="1.554"/>
  <testcase classname="com.ripplestreet.AllPutApis.CreativeControllerPutApi" name="ReOrganizeHeroPlayListItems" time="1.42"/>
  <testcase classname="com.ripplestreet.AllPutApis.DraftEventControllerPutApi" name="updateDraftEvent" time="1.441"/>
  <testcase classname="com.ripplestreet.AllPutApis.EventDetailControllerPutApi" name="addEventBasicDetail" time="1.542"/>
  <testcase classname="com.ripplestreet.AllPutApis.EventDetailControllerPutApi" name="updateeventEventMileStones" time="1.506"/>
  <testcase classname="com.ripplestreet.AllPutApis.EventDetailControllerPutApi" name="UpdateEventTarget" time="1.549"/>
  <testcase classname="com.ripplestreet.AllPutApis.FAQSControllerPutApi" name="updateFAQ" time="1.449"/>
  <testcase classname="com.ripplestreet.AllPutApis.FAQSControllerPutApi" name="updateFAQTopicItems" time="1.541"/>
  <testcase classname="com.ripplestreet.AllPutApis.FAQSControllerPutApi" name="updateFAQTopics" time="1.57"/>
  <testcase classname="com.ripplestreet.AllPutApis.LegalControllerPutrApi" name="updateLegalDisclaimer" time="1.417"/>
  <testcase classname="com.ripplestreet.AllPutApis.MarketingGoalsPutApi" name="updateMArketingGoalForEvent" time="1.409"/>
  <testcase classname="com.ripplestreet.AllPutApis.ProductControllerPutApi" name="updateEventproduct" time="1.515"/>
  <testcase classname="com.ripplestreet.AllPutApis.ProductControllerPutApi" name="ProductSyndication" time="1.51"/>
  <testcase classname="com.ripplestreet.AllPutApis.SponsorControllerPutApi" name="updateSponser" time="1.428"/>
  <testcase classname="com.ripplestreet.AllPutApis.TackableLinkControllerPutApi" name="updateLink" time="1.57"/>
  <testcase classname="com.ripplestreet.AllGetApis.UgcControllerGetApi" name="getUserAsset" time="0.0">
    <ignored/>
  </testcase> <!-- getUserAsset -->
</testsuite> <!-- Test -->
