<?xml version="1.0" encoding="UTF-8"?>
<!-- Generated by org.testng.reporters.JUnitReportReporter -->
<testsuite hostname="LAPTOP-MC4R20CB" failures="0" tests="6" name="com.ripplestreet.AllGetApis.UgcControllerGetApi" time="6.393" errors="0" timestamp="2023-07-14T16:56:33 IST" skipped="1">
  <testcase classname="com.ripplestreet.AllGetApis.UgcControllerGetApi" name="downloadAsset" time="1.289"/>
  <system-out/>
  <testcase classname="com.ripplestreet.AllGetApis.UgcControllerGetApi" name="getUgcDetailsByTaskId" time="1.413"/>
  <system-out/>
  <testcase classname="com.ripplestreet.AllGetApis.UgcControllerGetApi" name="downloadAssetByURL" time="1.248"/>
  <system-out/>
  <testcase classname="com.ripplestreet.AllGetApis.UgcControllerGetApi" name="getImageRecognitionResponse" time="1.215"/>
  <system-out/>
  <testcase classname="com.ripplestreet.AllGetApis.UgcControllerGetApi" name="getUgcDetailsById" time="1.228"/>
  <system-out/>
  <testcase classname="com.ripplestreet.AllGetApis.UgcControllerGetApi" name="getUserAsset">
    <skipped/>
  </testcase> <!-- getUserAsset -->
  <system-out/>
</testsuite> <!-- com.ripplestreet.AllGetApis.UgcControllerGetApi -->
