<?xml version="1.0" encoding="UTF-8"?>
<!-- Generated by org.testng.reporters.JUnitReportReporter -->
<testsuite hostname="LAPTOP-MC4R20CB" failures="0" tests="2" name="com.ripplestreet.AllGetApis.SocialShareControllerGetApi" time="3.777" errors="0" timestamp="2023-07-11T14:17:44 IST" skipped="0">
  <testcase classname="com.ripplestreet.AllGetApis.SocialShareControllerGetApi" name="getReview" time="1.924"/>
  <system-out/>
  <testcase classname="com.ripplestreet.AllGetApis.SocialShareControllerGetApi" name="getAllReviews" time="1.853"/>
  <system-out/>
</testsuite> <!-- com.ripplestreet.AllGetApis.SocialShareControllerGetApi -->
