<?xml version="1.0" encoding="UTF-8"?>
<!-- Generated by org.testng.reporters.JUnitReportReporter -->
<testsuite hostname="LAPTOP-MC4R20CB" failures="0" tests="1" name="com.ripplestreet.AllPutApis.AchivementProgrameControllerPutApi" time="3.616" errors="0" timestamp="2023-07-18T16:30:18 IST" skipped="0">
  <testcase classname="com.ripplestreet.AllPutApis.AchivementProgrameControllerPutApi" name="updateAchivementPrograme" time="3.616"/>
  <system-out/>
</testsuite> <!-- com.ripplestreet.AllPutApis.AchivementProgrameControllerPutApi -->
