<?xml version="1.0" encoding="UTF-8"?>
<!-- Generated by org.testng.reporters.JUnitReportReporter -->
<testsuite hostname="LAPTOP-MC4R20CB" failures="0" tests="2" name="com.ripplestreet.AllGetApis.ReceiptControllerGetApi" time="3.022" errors="0" timestamp="2023-07-17T11:16:10 IST" skipped="0">
  <testcase classname="com.ripplestreet.AllGetApis.ReceiptControllerGetApi" name="getReceiptRecordWithData" time="1.506"/>
  <system-out/>
  <testcase classname="com.ripplestreet.AllGetApis.ReceiptControllerGetApi" name="getReceiptList" time="1.516"/>
  <system-out/>
</testsuite> <!-- com.ripplestreet.AllGetApis.ReceiptControllerGetApi -->
