<?xml version="1.0" encoding="UTF-8"?>
<!-- Generated by org.testng.reporters.JUnitReportReporter -->
<testsuite hostname="LAPTOP-MC4R20CB" failures="0" tests="17" name="com.ripplestreet.AllGetApis.EventControllerGetApi" time="8.912" errors="1" timestamp="2023-07-14T16:56:33 IST" skipped="9">
  <testcase classname="com.ripplestreet.AllGetApis.EventControllerGetApi" name="getAllEvents" time="1.280"/>
  <system-out/>
  <testcase classname="com.ripplestreet.AllGetApis.EventControllerGetApi" name="StatusCode" time="0.540">
    <error message="The maximum length of cell contents (text) is 32767 characters" type="java.lang.IllegalArgumentException">
      <![CDATA[java.lang.IllegalArgumentException: The maximum length of cell contents (text) is 32767 characters
at org.apache.poi.ss.usermodel.CellBase.checkLength(CellBase.java:292)
at org.apache.poi.ss.usermodel.CellBase.setCellValue(CellBase.java:273)
at com.ripplestreet.genricUtilities.genricUtilities.StatusCode(genricUtilities.java:170)
at java.base/jdk.internal.reflect.NativeMethodAccessorImpl.invoke0(Native Method)
at java.base/jdk.internal.reflect.NativeMethodAccessorImpl.invoke(NativeMethodAccessorImpl.java:77)
at java.base/jdk.internal.reflect.DelegatingMethodAccessorImpl.invoke(DelegatingMethodAccessorImpl.java:43)
at java.base/java.lang.reflect.Method.invoke(Method.java:568)
at org.testng.internal.invokers.MethodInvocationHelper.invokeMethod(MethodInvocationHelper.java:139)
at org.testng.internal.invokers.MethodInvocationHelper.invokeMethodConsideringTimeout(MethodInvocationHelper.java:69)
at org.testng.internal.invokers.ConfigInvoker.invokeConfigurationMethod(ConfigInvoker.java:361)
at org.testng.internal.invokers.ConfigInvoker.invokeConfigurations(ConfigInvoker.java:296)
at org.testng.internal.invokers.TestInvoker.runConfigMethods(TestInvoker.java:823)
at org.testng.internal.invokers.TestInvoker.runAfterConfigurations(TestInvoker.java:792)
at org.testng.internal.invokers.TestInvoker.invokeMethod(TestInvoker.java:768)
at org.testng.internal.invokers.TestInvoker.invokeTestMethod(TestInvoker.java:221)
at org.testng.internal.invokers.MethodRunner.runInSequence(MethodRunner.java:50)
at org.testng.internal.invokers.TestInvoker$MethodInvocationAgent.invoke(TestInvoker.java:969)
at org.testng.internal.invokers.TestInvoker.invokeTestMethods(TestInvoker.java:194)
at org.testng.internal.invokers.TestMethodWorker.invokeTestMethods(TestMethodWorker.java:148)
at org.testng.internal.invokers.TestMethodWorker.run(TestMethodWorker.java:128)
at java.base/java.util.ArrayList.forEach(ArrayList.java:1511)
at org.testng.TestRunner.privateRun(TestRunner.java:829)
at org.testng.TestRunner.run(TestRunner.java:602)
at org.testng.SuiteRunner.runTest(SuiteRunner.java:437)
at org.testng.SuiteRunner$SuiteWorker.run(SuiteRunner.java:475)
at org.testng.internal.thread.ThreadUtil.lambda$execute$0(ThreadUtil.java:58)
at java.base/java.util.concurrent.FutureTask.run(FutureTask.java:264)
at java.base/java.util.concurrent.ThreadPoolExecutor.runWorker(ThreadPoolExecutor.java:1136)
at java.base/java.util.concurrent.ThreadPoolExecutor$Worker.run(ThreadPoolExecutor.java:635)
at java.base/java.lang.Thread.run(Thread.java:833)
]]>
    </error>
  </testcase> <!-- StatusCode -->
  <system-out/>
  <testcase classname="com.ripplestreet.AllGetApis.EventControllerGetApi" name="getAllCurrentMileStoneByEvent" time="1.247"/>
  <system-out/>
  <testcase classname="com.ripplestreet.AllGetApis.EventControllerGetApi" name="getAllMileStonesByEvent" time="1.186"/>
  <system-out/>
  <testcase classname="com.ripplestreet.AllGetApis.EventControllerGetApi" name="getAllProductByEvents" time="1.200"/>
  <system-out/>
  <testcase classname="com.ripplestreet.AllGetApis.EventControllerGetApi" name="getAllServices" time="1.217"/>
  <system-out/>
  <testcase classname="com.ripplestreet.AllGetApis.EventControllerGetApi" name="getAllSubscriptionsByEvent" time="1.139"/>
  <system-out/>
  <testcase classname="com.ripplestreet.AllGetApis.EventControllerGetApi" name="getAllSubscriptionsByServiceName" time="1.103"/>
  <system-out/>
  <testcase classname="com.ripplestreet.AllGetApis.EventControllerGetApi" name="getEventById" time="0.000">
    <skipped/>
  </testcase> <!-- getEventById -->
  <system-out/>
  <testcase classname="com.ripplestreet.AllGetApis.EventControllerGetApi" name="getEventDetailBySlug" time="0.000">
    <skipped/>
  </testcase> <!-- getEventDetailBySlug -->
  <system-out/>
  <testcase classname="com.ripplestreet.AllGetApis.EventControllerGetApi" name="getProductDetailEventIdAndProductId" time="0.000">
    <skipped/>
  </testcase> <!-- getProductDetailEventIdAndProductId -->
  <system-out/>
  <testcase classname="com.ripplestreet.AllGetApis.EventControllerGetApi" name="getpackAndApplicationCountByEventId" time="0.000">
    <skipped/>
  </testcase> <!-- getpackAndApplicationCountByEventId -->
  <system-out/>
  <testcase classname="com.ripplestreet.AllGetApis.EventControllerGetApi" name="getByEventName" time="0.000">
    <skipped/>
  </testcase> <!-- getByEventName -->
  <system-out/>
  <testcase classname="com.ripplestreet.AllGetApis.EventControllerGetApi" name="getCurrentMileStonesByEvent" time="0.000">
    <skipped/>
  </testcase> <!-- getCurrentMileStonesByEvent -->
  <system-out/>
  <testcase classname="com.ripplestreet.AllGetApis.EventControllerGetApi" name="getEventDetailForWorkFlow" time="0.000">
    <skipped/>
  </testcase> <!-- getEventDetailForWorkFlow -->
  <system-out/>
  <testcase classname="com.ripplestreet.AllGetApis.EventControllerGetApi" name="getFilteredEvents" time="0.000">
    <skipped/>
  </testcase> <!-- getFilteredEvents -->
  <system-out/>
  <testcase classname="com.ripplestreet.AllGetApis.EventControllerGetApi" name="getEventMileStoneByIdAndDate" time="0.000">
    <skipped/>
  </testcase> <!-- getEventMileStoneByIdAndDate -->
  <system-out/>
</testsuite> <!-- com.ripplestreet.AllGetApis.EventControllerGetApi -->
