<?xml version="1.0" encoding="UTF-8"?>
<testsuite name="Test"
           tests="2"
           failures="0"
           errors="0"
           skipped="0"
           time="3.060">
  <properties />
  
  
            <testcase name="getRewardAllocation" time="1.526" classname="com.ripplestreet.AllGetApis.RewardAllocationcontrollerGetApi" />
                <testcase name="getRewardAllocations" time="1.534" classname="com.ripplestreet.AllGetApis.RewardAllocationcontrollerGetApi" />
      
</testsuite>
