<?xml version="1.0" encoding="UTF-8"?>
<testsuite name="Test"
           tests="4"
           failures="0"
           errors="0"
           skipped="0"
           time="6.149">
  <properties />
  
  
            <testcase name="GetGameTrackerRedisObjByGameId" time="1.494" classname="com.ripplestreet.AllGetApis.GameControllerGetApi" />
                <testcase name="getGameBygameId" time="1.490" classname="com.ripplestreet.AllGetApis.GameControllerGetApi" />
                <testcase name="getWinningoptionBasedOnTheProbability" time="1.591" classname="com.ripplestreet.AllGetApis.GameControllerGetApi" />
                <testcase name="getAllgames" time="1.574" classname="com.ripplestreet.AllGetApis.GameControllerGetApi" />
      
</testsuite>
