<?xml version="1.0" encoding="UTF-8"?>
<testsuite name="Test"
           tests="2"
           failures="0"
           errors="0"
           skipped="0"
           time="3.013">
  <properties />
  
  
            <testcase name="getAllocationTransientRecordByEventIdAndPersonId" time="1.533" classname="com.ripplestreet.AllGetApis.OptinInflightActivationControllerGetApi" />
                <testcase name="getListOfAllocationTransientRecordByEventId" time="1.480" classname="com.ripplestreet.AllGetApis.OptinInflightActivationControllerGetApi" />
      
</testsuite>
