<?xml version="1.0" encoding="UTF-8"?>
<testsuite name="Test"
           tests="2"
           failures="0"
           errors="0"
           skipped="0"
           time="1.123">
  <properties />
  
  
            <testcase name="getActiveEventsDetailForUser" time="0.604" classname="com.ripplestreet.AllGetApis.MobileCommunityControllerGetApi" />
                <testcase name="getAllEventsByUserAndParticipantTypeApplicant" time="0.519" classname="com.ripplestreet.AllGetApis.MobileCommunityControllerGetApi" />
      
</testsuite>
