<?xml version="1.0" encoding="UTF-8"?>
<testsuite name="Test"
           tests="4"
           failures="0"
           errors="0"
           skipped="0"
           time="7.307">
  <properties />
  
  
            <testcase name="GetGameTrackerRedisObjByGameId" time="2.355" classname="com.ripplestreet.AllGetApis.GameControllerGetApi" />
                <testcase name="getGameBygameId" time="1.566" classname="com.ripplestreet.AllGetApis.GameControllerGetApi" />
                <testcase name="getAllgames" time="1.887" classname="com.ripplestreet.AllGetApis.GameControllerGetApi" />
                <testcase name="getWinningoptionBasedOnTheProbability" time="1.499" classname="com.ripplestreet.AllGetApis.GameControllerGetApi" />
      
</testsuite>
