<?xml version="1.0" encoding="UTF-8"?>
<testsuite name="Test"
           tests="3"
           failures="0"
           errors="0"
           skipped="0"
           time="4.832">
  <properties />
  
  
            <testcase name="updateeventEventMileStones" time="1.627" classname="com.ripplestreet.AllPutApis.EventDetailControllerPutApi" />
                <testcase name="addEventBasicDetail" time="1.635" classname="com.ripplestreet.AllPutApis.EventDetailControllerPutApi" />
                <testcase name="UpdateEventTarget" time="1.570" classname="com.ripplestreet.AllPutApis.EventDetailControllerPutApi" />
      
</testsuite>
