<?xml version="1.0" encoding="UTF-8"?>
<testsuite name="Test"
           tests="8"
           failures="0"
           errors="0"
           skipped="0"
           time="12.122">
  <properties />
  
  
            <testcase name="FinfAllfavousByEventId" time="1.538" classname="com.ripplestreet.AllGetApis.CreativeControllerGetApi" />
                <testcase name="findHeroPlaylistById" time="1.547" classname="com.ripplestreet.AllGetApis.CreativeControllerGetApi" />
                <testcase name="FindHeroplaylistitemById" time="1.441" classname="com.ripplestreet.AllGetApis.CreativeControllerGetApi" />
                <testcase name="finAllBannerByEventId" time="1.514" classname="com.ripplestreet.AllGetApis.CreativeControllerGetApi" />
                <testcase name="getFavorByEventIdAndId" time="1.558" classname="com.ripplestreet.AllGetApis.CreativeControllerGetApi" />
                <testcase name="getBannerByEventIdandId" time="1.443" classname="com.ripplestreet.AllGetApis.CreativeControllerGetApi" />
                <testcase name="findAllHeroPlaylistItemsByPlayListId" time="1.526" classname="com.ripplestreet.AllGetApis.CreativeControllerGetApi" />
                <testcase name="findAllHeroPlaylistByModelId" time="1.555" classname="com.ripplestreet.AllGetApis.CreativeControllerGetApi" />
      
</testsuite>
