<?xml version="1.0" encoding="UTF-8"?>
<testsuite name="Test"
           tests="2"
           failures="0"
           errors="0"
           skipped="0"
           time="3.100">
  <properties />
  
  
            <testcase name="refreshUserCountBySgment" time="1.607" classname="com.ripplestreet.AllPutApis.SegmentationDefinitionVersion2ControllerPutApi" />
                <testcase name="UpdateASegment" time="1.493" classname="com.ripplestreet.AllPutApis.SegmentationDefinitionVersion2ControllerPutApi" />
      
</testsuite>
