<?xml version="1.0" encoding="UTF-8"?>
<testsuite name="Test"
           tests="3"
           failures="0"
           errors="0"
           skipped="0"
           time="4.444">
  <properties />
  
  
            <testcase name="getSurveyStatusByEventIdAndPid" time="1.428" classname="com.ripplestreet.AllGetApis.SurveyControllerGetApi" />
                <testcase name="getAllLinksByEventId" time="1.529" classname="com.ripplestreet.AllGetApis.SurveyControllerGetApi" />
                <testcase name="getSurveyListByEventIdAndPid" time="1.487" classname="com.ripplestreet.AllGetApis.SurveyControllerGetApi" />
      
</testsuite>
