<?xml version="1.0" encoding="UTF-8"?>
<testsuite name="Test"
           tests="3"
           failures="0"
           errors="0"
           skipped="0"
           time="4.498">
  <properties />
  
  
            <testcase name="GetAchievementProgram" time="1.448" classname="com.ripplestreet.AllGetApis.AchievementProgramControllerGetApi" />
                <testcase name="GetListofAchievementPrograms" time="1.560" classname="com.ripplestreet.AllGetApis.AchievementProgramControllerGetApi" />
                <testcase name="GetListOfAchievementProgramsforAchievementId" time="1.490" classname="com.ripplestreet.AllGetApis.AchievementProgramControllerGetApi" />
      
</testsuite>
