<?xml version="1.0" encoding="UTF-8"?>
<testsuite name="Test"
           tests="5"
           failures="0"
           errors="0"
           skipped="0"
           time="7.582">
  <properties />
  
  
            <testcase name="reOrganizeFavors" time="1.606" classname="com.ripplestreet.AllPutApis.CreativeControllerPutApi" />
                <testcase name="UpdateHeroPlayListItems" time="1.547" classname="com.ripplestreet.AllPutApis.CreativeControllerPutApi" />
                <testcase name="ReOrganizeHeroPlayListItems" time="1.402" classname="com.ripplestreet.AllPutApis.CreativeControllerPutApi" />
                <testcase name="updateBannerIdandEventId" time="1.604" classname="com.ripplestreet.AllPutApis.CreativeControllerPutApi" />
                <testcase name="updateFavors" time="1.423" classname="com.ripplestreet.AllPutApis.CreativeControllerPutApi" />
      
</testsuite>
