<?xml version="1.0" encoding="UTF-8"?>
<testsuite name="Test"
           tests="3"
           failures="0"
           errors="0"
           skipped="0"
           time="4.270">
  <properties />
  
  
            <testcase name="getAllLinksByEventId" time="1.394" classname="com.ripplestreet.AllGetApis.SurveyControllerGetApi" />
                <testcase name="getSurveyStatusByEventIdAndPid" time="1.543" classname="com.ripplestreet.AllGetApis.SurveyControllerGetApi" />
                <testcase name="getSurveyListByEventIdAndPid" time="1.333" classname="com.ripplestreet.AllGetApis.SurveyControllerGetApi" />
      
</testsuite>
