<?xml version="1.0" encoding="UTF-8"?>
<testsuite name="Test"
           tests="2"
           failures="0"
           errors="0"
           skipped="0"
           time="3.065">
  <properties />
  
  
            <testcase name="getListOfInviteOnlyUsersByEventId" time="1.529" classname="com.ripplestreet.AllGetApis.AudiencePromotionControllerGetApi" />
                <testcase name="getListOfAudiencePromotionJobsByEventId" time="1.536" classname="com.ripplestreet.AllGetApis.AudiencePromotionControllerGetApi" />
      
</testsuite>
