<?xml version="1.0" encoding="UTF-8"?>
<testsuite name="Test"
           tests="3"
           failures="0"
           errors="0"
           skipped="0"
           time="4.439">
  <properties />
  
  
            <testcase name="findSponsorById" time="1.528" classname="com.ripplestreet.AllGetApis.SponserControllerGetApi" />
                <testcase name="getAllSponsors" time="1.527" classname="com.ripplestreet.AllGetApis.SponserControllerGetApi" />
                <testcase name="findAllsponsorAssetsbysponsorId" time="1.384" classname="com.ripplestreet.AllGetApis.SponserControllerGetApi" />
      
</testsuite>
