<?xml version="1.0" encoding="UTF-8"?>
<testsuite name="Test"
           tests="8"
           failures="0"
           errors="0"
           skipped="0"
           time="11.578">
  <properties />
  
  
            <testcase name="FindHeroplaylistitemById" time="1.300" classname="com.ripplestreet.AllGetApis.CreativeControllerGetApi" />
                <testcase name="getBannerByEventIdandId" time="1.397" classname="com.ripplestreet.AllGetApis.CreativeControllerGetApi" />
                <testcase name="findAllHeroPlaylistItemsByPlayListId" time="1.408" classname="com.ripplestreet.AllGetApis.CreativeControllerGetApi" />
                <testcase name="findHeroPlaylistById" time="1.495" classname="com.ripplestreet.AllGetApis.CreativeControllerGetApi" />
                <testcase name="FinfAllfavousByEventId" time="1.523" classname="com.ripplestreet.AllGetApis.CreativeControllerGetApi" />
                <testcase name="finAllBannerByEventId" time="1.519" classname="com.ripplestreet.AllGetApis.CreativeControllerGetApi" />
                <testcase name="getFavorByEventIdAndId" time="1.518" classname="com.ripplestreet.AllGetApis.CreativeControllerGetApi" />
                <testcase name="findAllHeroPlaylistByModelId" time="1.418" classname="com.ripplestreet.AllGetApis.CreativeControllerGetApi" />
      
</testsuite>
