<?xml version="1.0" encoding="UTF-8"?>
<testsuite name="Test"
           tests="6"
           failures="0"
           errors="0"
           skipped="0"
           time="9.786">
  <properties />
  
  
            <testcase name="getUgcDetailsByTaskId" time="1.640" classname="com.ripplestreet.AllGetApis.UgcControllerGetApi" />
                <testcase name="getImageRecognitionResponse" time="1.536" classname="com.ripplestreet.AllGetApis.UgcControllerGetApi" />
                <testcase name="getUserAsset" time="1.505" classname="com.ripplestreet.AllGetApis.UgcControllerGetApi" />
                <testcase name="downloadAssetByURL" time="1.543" classname="com.ripplestreet.AllGetApis.UgcControllerGetApi" />
                <testcase name="downloadAsset" time="2.037" classname="com.ripplestreet.AllGetApis.UgcControllerGetApi" />
                <testcase name="getUgcDetailsById" time="1.525" classname="com.ripplestreet.AllGetApis.UgcControllerGetApi" />
      
</testsuite>
