<?xml version="1.0" encoding="UTF-8"?>
<testsuite name="Test"
           tests="2"
           failures="0"
           errors="0"
           skipped="0"
           time="3.903">
  <properties />
  
  
            <testcase name="getTremendousCampaigns" time="2.064" classname="com.ripplestreet.AllGetApis.TremendouesControllerGetApi" />
                <testcase name="getTremendousFundingSources" time="1.839" classname="com.ripplestreet.AllGetApis.TremendouesControllerGetApi" />
      
</testsuite>
